\BOOKMARK [0][-]{figure.caption.1}{\376\377\000D\000A\000F\000T\000A\000R\000\040\000G\000A\000M\000B\000A\000R}{}% 1
\BOOKMARK [0][-]{figure.caption.1}{\376\377\000D\000A\000F\000T\000A\000R\000\040\000T\000A\000B\000E\000L}{}% 2
\BOOKMARK [0][-]{chapter*.2}{\376\377\000=\000D\000A\000F\000T\000A\000R\000\040\000K\000O\000D\000E}{}% 3
\BOOKMARK [0][-]{chapter.1}{\376\377\000P\000E\000N\000D\000A\000H\000U\000L\000U\000A\000N}{}% 4
\BOOKMARK [1][-]{section.1.1}{\376\377\000L\000a\000t\000a\000r\000\040\000B\000e\000l\000a\000k\000a\000n\000g}{chapter.1}% 5
\BOOKMARK [1][-]{section.1.2}{\376\377\000R\000u\000m\000u\000s\000a\000n\000\040\000M\000a\000s\000a\000l\000a\000h}{chapter.1}% 6
\BOOKMARK [1][-]{section.1.3}{\376\377\000T\000u\000j\000u\000a\000n}{chapter.1}% 7
\BOOKMARK [1][-]{section.1.4}{\376\377\000B\000a\000t\000a\000s\000a\000n\000\040\000M\000a\000s\000a\000l\000a\000h}{chapter.1}% 8
\BOOKMARK [1][-]{section.1.5}{\376\377\000M\000e\000t\000o\000d\000o\000l\000o\000g\000i}{chapter.1}% 9
\BOOKMARK [0][-]{chapter.2}{\376\377\000S\000T\000U\000D\000I\000\040\000L\000I\000T\000E\000R\000A\000T\000U\000R}{}% 10
\BOOKMARK [1][-]{section.2.1}{\376\377\000T\000i\000n\000j\000a\000u\000a\000n\000\040\000R\000e\000g\000u\000l\000a\000s\000i\000\040\000B\000a\000n\000g\000u\000n\000a\000n\000\040\000G\000e\000d\000u\000n\000g\000\040\000C\000e\000r\000d\000a\000s}{chapter.2}% 11
\BOOKMARK [1][-]{section.2.2}{\376\377\000K\000o\000n\000t\000r\000o\000l\000\040\000A\000k\000s\000e\000s}{chapter.2}% 12
\BOOKMARK [1][-]{section.2.3}{\376\377\000P\000e\000n\000g\000e\000n\000a\000l\000a\000n\000\040\000W\000a\000j\000a\000h}{chapter.2}% 13
\BOOKMARK [1][-]{section.2.4}{\376\377\000K\000e\000a\000m\000a\000n\000a\000n\000\040\000D\000a\000t\000a\000\040\000d\000a\000n\000\040\000P\000r\000i\000v\000a\000s\000i}{chapter.2}% 14
\BOOKMARK [1][-]{section.2.5}{\376\377\000P\000e\000n\000g\000e\000m\000b\000a\000n\000g\000a\000n\000\040\000S\000i\000s\000t\000e\000m\000\040\000G\000e\000r\000b\000a\000n\000g\000\040\000O\000t\000o\000m\000a\000t\000i\000s\000\040\000p\000a\000d\000a\000\040\000K\000A\000I}{chapter.2}% 15
\BOOKMARK [0][-]{chapter.3}{\376\377\000A\000N\000A\000L\000I\000S\000I\000S\000\040\000M\000A\000S\000A\000L\000A\000H}{}% 16
\BOOKMARK [1][-]{section.3.1}{\376\377\000A\000n\000a\000l\000i\000s\000i\000s\000\040\000K\000o\000n\000d\000i\000s\000i\000\040\000S\000a\000a\000t\000\040\000I\000n\000i}{chapter.3}% 17
\BOOKMARK [2][-]{subsection.3.1.1}{\376\377\000A\000l\000u\000r\000\040\000M\000a\000s\000u\000k\000\040\000T\000a\000m\000u\000\040\000S\000a\000a\000t\000\040\000I\000n\000i}{section.3.1}% 18
\BOOKMARK [2][-]{subsection.3.1.2}{\376\377\000K\000o\000n\000d\000i\000s\000i\000\040\000L\000o\000b\000b\000y\000\040\000S\000a\000a\000t\000\040\000I\000n\000i}{section.3.1}% 19
\BOOKMARK [1][-]{section.3.2}{\376\377\000A\000n\000a\000l\000i\000s\000i\000s\000\040\000K\000e\000b\000u\000t\000u\000h\000a\000n}{chapter.3}% 20
\BOOKMARK [2][-]{subsection.3.2.1}{\376\377\000I\000d\000e\000n\000t\000i\000f\000i\000k\000a\000s\000i\000\040\000M\000a\000s\000a\000l\000a\000h\000\040\000P\000e\000n\000g\000g\000u\000n\000a}{section.3.2}% 21
\BOOKMARK [2][-]{subsection.3.2.2}{\376\377\000K\000e\000b\000u\000t\000u\000h\000a\000n\000\040\000F\000u\000n\000g\000s\000i\000o\000n\000a\000l}{section.3.2}% 22
\BOOKMARK [2][-]{subsection.3.2.3}{\376\377\000K\000e\000b\000u\000t\000u\000h\000a\000n\000\040\000N\000o\000n\000f\000u\000n\000g\000s\000i\000o\000n\000a\000l}{section.3.2}% 23
\BOOKMARK [1][-]{section.3.3}{\376\377\000A\000n\000a\000l\000i\000s\000i\000s\000\040\000P\000e\000m\000i\000l\000i\000h\000a\000n\000\040\000S\000o\000l\000u\000s\000i}{chapter.3}% 24
\BOOKMARK [2][-]{subsection.3.3.1}{\376\377\000A\000l\000t\000e\000r\000n\000a\000t\000i\000f\000\040\000S\000o\000l\000u\000s\000i}{section.3.3}% 25
\BOOKMARK [2][-]{subsection.3.3.2}{\376\377\000A\000n\000a\000l\000i\000s\000i\000s\000\040\000P\000e\000n\000e\000n\000t\000u\000a\000n\000\040\000S\000o\000l\000u\000s\000i}{section.3.3}% 26
\BOOKMARK [0][-]{chapter.4}{\376\377\000D\000E\000S\000A\000I\000N\000\040\000K\000O\000N\000S\000E\000P\000\040\000S\000O\000L\000U\000S\000I}{}% 27
\BOOKMARK [1][-]{section.4.1}{\376\377\000D\000i\000a\000g\000r\000a\000m\000\040\000K\000o\000n\000s\000e\000p\000t\000u\000a\000l}{chapter.4}% 28
\BOOKMARK [1][-]{section.4.2}{\376\377\000P\000e\000n\000j\000e\000l\000a\000s\000a\000n\000\040\000D\000e\000s\000a\000i\000n}{chapter.4}% 29
\BOOKMARK [2][-]{subsection.4.2.1}{\376\377\000S\000p\000e\000s\000i\000f\000i\000k\000a\000s\000i\000\040\000P\000e\000r\000a\000n\000g\000k\000a\000t\000\040\000K\000e\000r\000a\000s}{section.4.2}% 30
\BOOKMARK [2][-]{subsection.4.2.2}{\376\377\000D\000i\000a\000g\000r\000a\000m\000\040\000K\000o\000m\000p\000o\000n\000e\000n}{section.4.2}% 31
\BOOKMARK [2][-]{subsection.4.2.3}{\376\377\000L\000o\000g\000i\000k\000a\000\040\000A\000u\000t\000e\000n\000t\000i\000k\000a\000s\000i}{section.4.2}% 32
\BOOKMARK [2][-]{subsection.4.2.4}{\376\377\000A\000l\000u\000r\000\040\000S\000i\000s\000t\000e\000m\000\040\000P\000e\000n\000d\000a\000f\000t\000a\000r\000a\000n}{section.4.2}% 33
\BOOKMARK [2][-]{subsection.4.2.5}{}{section.4.2}% 34
\BOOKMARK [0][-]{chapter.5}{\376\377\000R\000E\000N\000C\000A\000N\000A\000\040\000S\000E\000L\000A\000N\000J\000U\000T\000N\000Y\000A}{}% 35
